<?xml version="1.0" encoding="UTF-8"?>
<!-- Generated by org.testng.reporters.JUnitReportReporter -->
<testsuite hostname="DESKTOP-K0PH13D" failures="0" tests="1" name="demoTestNG" time="0.360" errors="0" timestamp="2023-02-06T14:12:32 IST" skipped="0">
  <testcase classname="demoTestNG" name="verifyurl" time="0.360"/>
  <system-out/>
</testsuite> <!-- demoTestNG -->
