<?xml version="1.0" encoding="UTF-8"?>
<!-- Generated by org.testng.reporters.JUnitReportReporter -->
<testsuite hostname="DESKTOP-K0PH13D" failures="0" tests="4" name="Test.LoginTest" time="2.703" errors="0" timestamp="2023-02-08T07:28:20 IST" skipped="0">
  <testcase classname="Test.LoginTest" name="verifyTitle" time="0.055"/>
  <system-out/>
  <testcase classname="Test.LoginTest" name="verifyUrl" time="0.028"/>
  <system-out/>
  <testcase classname="Test.LoginTest" name="verifytext" time="0.350"/>
  <system-out/>
  <testcase classname="Test.LoginTest" name="VerifyLoginWithCorrectCredentials" time="2.270"/>
  <system-out/>
</testsuite> <!-- Test.LoginTest -->
